Determining if the pthread_create exist failed with the following output:
Change Dir: /home/gabriel/MyWorkspace/build/CMakeFiles/CMakeTmp

Run Build Command:"/usr/bin/make" "cmTC_bd179/fast"
/usr/bin/make -f CMakeFiles/cmTC_bd179.dir/build.make CMakeFiles/cmTC_bd179.dir/build
make[1]: Entering directory '/home/gabriel/MyWorkspace/build/CMakeFiles/CMakeTmp'
Building C object CMakeFiles/cmTC_bd179.dir/CheckSymbolExists.c.o
/usr/bin/cc    -o CMakeFiles/cmTC_bd179.dir/CheckSymbolExists.c.o   -c /home/gabriel/MyWorkspace/build/CMakeFiles/CMakeTmp/CheckSymbolExists.c
Linking C executable cmTC_bd179
/usr/bin/cmake -E cmake_link_script CMakeFiles/cmTC_bd179.dir/link.txt --verbose=1
/usr/bin/cc      -rdynamic CMakeFiles/cmTC_bd179.dir/CheckSymbolExists.c.o  -o cmTC_bd179 
CMakeFiles/cmTC_bd179.dir/CheckSymbolExists.c.o: In function `main':
CheckSymbolExists.c:(.text+0x14): undefined reference to `pthread_create'
CheckSymbolExists.c:(.text+0x18): undefined reference to `pthread_create'
collect2: error: ld returned 1 exit status
CMakeFiles/cmTC_bd179.dir/build.make:97: recipe for target 'cmTC_bd179' failed
make[1]: *** [cmTC_bd179] Error 1
make[1]: Leaving directory '/home/gabriel/MyWorkspace/build/CMakeFiles/CMakeTmp'
Makefile:126: recipe for target 'cmTC_bd179/fast' failed
make: *** [cmTC_bd179/fast] Error 2

File /home/gabriel/MyWorkspace/build/CMakeFiles/CMakeTmp/CheckSymbolExists.c:
/* */
#include <pthread.h>

int main(int argc, char** argv)
{
  (void)argv;
#ifndef pthread_create
  return ((int*)(&pthread_create))[argc];
#else
  (void)argc;
  return 0;
#endif
}

Determining if the function pthread_create exists in the pthreads failed with the following output:
Change Dir: /home/gabriel/MyWorkspace/build/CMakeFiles/CMakeTmp

Run Build Command:"/usr/bin/make" "cmTC_bdac8/fast"
/usr/bin/make -f CMakeFiles/cmTC_bdac8.dir/build.make CMakeFiles/cmTC_bdac8.dir/build
make[1]: Entering directory '/home/gabriel/MyWorkspace/build/CMakeFiles/CMakeTmp'
Building C object CMakeFiles/cmTC_bdac8.dir/CheckFunctionExists.c.o
/usr/bin/cc   -DCHECK_FUNCTION_EXISTS=pthread_create   -o CMakeFiles/cmTC_bdac8.dir/CheckFunctionExists.c.o   -c /usr/share/cmake-3.10/Modules/CheckFunctionExists.c
Linking C executable cmTC_bdac8
/usr/bin/cmake -E cmake_link_script CMakeFiles/cmTC_bdac8.dir/link.txt --verbose=1
/usr/bin/cc  -DCHECK_FUNCTION_EXISTS=pthread_create    -rdynamic CMakeFiles/cmTC_bdac8.dir/CheckFunctionExists.c.o  -o cmTC_bdac8 -lpthreads 
/usr/bin/ld: cannot find -lpthreads
collect2: error: ld returned 1 exit status
CMakeFiles/cmTC_bdac8.dir/build.make:97: recipe for target 'cmTC_bdac8' failed
make[1]: *** [cmTC_bdac8] Error 1
make[1]: Leaving directory '/home/gabriel/MyWorkspace/build/CMakeFiles/CMakeTmp'
Makefile:126: recipe for target 'cmTC_bdac8/fast' failed
make: *** [cmTC_bdac8/fast] Error 2


